<?xml version="1.0" encoding="UTF-8"?>
<testsuite name="RemoteControlCarTest" tests="3" skipped="0" failures="0" errors="0" timestamp="2023-02-06T02:40:16" hostname="pop-os" time="0.027">
  <properties/>
  <testcase name="race" classname="RemoteControlCarTest" time="0.023"/>
  <testcase name="rankCars" classname="RemoteControlCarTest" time="0.002"/>
  <testcase name="ensureCarsAreComparables" classname="RemoteControlCarTest" time="0.001"/>
  <system-out><![CDATA[]]></system-out>
  <system-err><![CDATA[]]></system-err>
</testsuite>
