<?xml version="1.0" encoding="UTF-8"?>
<testsuite name="TwoferTest" tests="3" skipped="0" failures="0" errors="0" timestamp="2023-02-08T04:15:21" hostname="pop-os" time="0.028">
  <properties/>
  <testcase name="noNameGiven" classname="TwoferTest" time="0.023"/>
  <testcase name="aNameGiven" classname="TwoferTest" time="0.005"/>
  <testcase name="anotherNameGiven" classname="TwoferTest" time="0.0"/>
  <system-out><![CDATA[]]></system-out>
  <system-err><![CDATA[]]></system-err>
</testsuite>
